<?xml version="1.0" encoding="UTF-8"?>
<!-- Generated by org.testng.reporters.JUnitReportReporter -->
<testsuite hostname="LAPTOP-ML3TFG3H" failures="0" tests="1" name="test.ExtentReportDemoWithTestNG" time="5.534" errors="0" timestamp="2021-01-16T15:02:00 IST" skipped="0">
  <testcase classname="test.ExtentReportDemoWithTestNG" name="test1" time="5.534"/>
  <system-out/>
</testsuite> <!-- test.ExtentReportDemoWithTestNG -->
