<?xml version="1.0" encoding="UTF-8"?>
<!-- Generated by org.testng.reporters.JUnitReportReporter -->
<testsuite hostname="LAPTOP-ML3TFG3H" failures="0" tests="1" name="test.TestNG_Demo" time="6.035" errors="0" timestamp="2021-01-15T20:35:04 IST" skipped="0">
  <testcase classname="test.TestNG_Demo" name="GoogleSearch" time="6.035"/>
  <system-out/>
</testsuite> <!-- test.TestNG_Demo -->
