<?xml version="1.0" encoding="UTF-8"?>
<!-- Generated by org.testng.reporters.JUnitReportReporter -->
<testsuite hostname="LAPTOP-ML3TFG3H" failures="0" tests="3" name="TestNG.GoogleTest" time="42.289" errors="0" timestamp="30 Jan 2021 17:15:56 GMT">
  <testcase classname="TestNG.GoogleTest" name="googleTitleTest" time="23.452"/>
  <testcase classname="TestNG.GoogleTest" name="gmailLinkTest" time="8.014"/>
  <testcase classname="TestNG.GoogleTest" name="googleLogoTest" time="10.823"/>
</testsuite> <!-- TestNG.GoogleTest -->
