<?xml version="1.0" encoding="UTF-8"?>
<!-- Generated by org.testng.reporters.JUnitReportReporter -->
<testsuite hostname="LAPTOP-ML3TFG3H" failures="0" tests="5" name="TestNG.InvocationCountTest" time="0.020" errors="0" timestamp="30 Jan 2021 19:58:15 GMT">
  <testcase classname="TestNG.InvocationCountTest" name="Sum" time="0.003"/>
  <testcase classname="TestNG.InvocationCountTest" name="Sum" time="0.013"/>
  <testcase classname="TestNG.InvocationCountTest" name="Sum" time="0.001"/>
  <testcase classname="TestNG.InvocationCountTest" name="Sum" time="0.001"/>
  <testcase classname="TestNG.InvocationCountTest" name="Sum" time="0.002"/>
</testsuite> <!-- TestNG.InvocationCountTest -->
