<?xml version="1.0" encoding="UTF-8"?>
<!-- Generated by org.testng.reporters.JUnitReportReporter -->
<testsuite hostname="LAPTOP-ML3TFG3H" failures="0" tests="1" name="TestNG.ExpectedExceptionFeature" time="0.022" errors="0" timestamp="30 Jan 2021 20:23:10 GMT">
  <testcase classname="TestNG.ExpectedExceptionFeature" name="test1" time="0.022"/>
</testsuite> <!-- TestNG.ExpectedExceptionFeature -->
