<?xml version="1.0" encoding="UTF-8"?>
<!-- Generated by org.testng.reporters.JUnitReportReporter -->
<testsuite hostname="LAPTOP-ML3TFG3H" failures="0" tests="2" name="test.TestNG_Demo2" time="7.112" errors="0" timestamp="2021-01-15T20:35:04 IST" skipped="0">
  <testcase classname="test.TestNG_Demo2" name="GoogleSearch3" time="1.648"/>
  <system-out/>
  <testcase classname="test.TestNG_Demo2" name="GoogleSearch2" time="5.464"/>
  <system-out/>
</testsuite> <!-- test.TestNG_Demo2 -->
