<?xml version="1.0" encoding="UTF-8"?>
<!-- Generated by org.testng.reporters.JUnitReportReporter -->
<testsuite hostname="LAPTOP-ML3TFG3H" failures="0" tests="2" name="TestNG.TestNGBasics" time="0.014" errors="0" timestamp="30 Jan 2021 09:19:26 GMT">
  <testcase classname="TestNG.TestNGBasics" name="googleTitleTest" time="0.010"/>
  <testcase classname="TestNG.TestNGBasics" name="searchTest" time="0.004"/>
</testsuite> <!-- TestNG.TestNGBasics -->
