<?xml version="1.0" encoding="UTF-8"?>
<!-- Generated by org.testng.reporters.JUnitReportReporter -->
<testsuite hostname="LAPTOP-ML3TFG3H" failures="0" tests="1" name="helloworld_Sankarsan.TestHelloWorld" time="0.006" errors="0" timestamp="2021-01-06T10:12:41 IST" skipped="0">
  <testcase classname="helloworld_Sankarsan.TestHelloWorld" name="testHelloWorld" time="0.006"/>
  <system-out/>
</testsuite> <!-- helloworld_Sankarsan.TestHelloWorld -->
